Flow report for dppsn_match_action_table
Tue Jan 14 14:13:58 2020
Quartus II 64-Bit Version 13.0.1 Build 232 06/12/2013 Service Pack 1 SJ Web Edition


---------------------
; Table of Contents ;
---------------------
  1. Legal Notice
  2. Flow Summary
  3. Flow Settings
  4. Flow Non-Default Global Settings
  5. Flow Elapsed Time
  6. Flow OS Summary
  7. Flow Log
  8. Flow Messages
  9. Flow Suppressed Messages



----------------
; Legal Notice ;
----------------
Copyright (C) 1991-2013 Altera Corporation
Your use of Altera Corporation's design tools, logic functions 
and other software and tools, and its AMPP partner logic 
functions, and any output files from any of the foregoing 
(including device programming or simulation files), and any 
associated documentation or information are expressly subject 
to the terms and conditions of the Altera Program License 
Subscription Agreement, Altera MegaCore Function License 
Agreement, or other applicable license agreement, including, 
without limitation, that your use is for the sole purpose of 
programming logic devices manufactured by Altera and sold by 
Altera or its authorized distributors.  Please refer to the 
applicable agreement for further details.



+--------------------------------------------------------------------------------------+
; Flow Summary                                                                         ;
+------------------------------------+-------------------------------------------------+
; Flow Status                        ; Successful - Tue Jan 14 14:13:58 2020           ;
; Quartus II 64-Bit Version          ; 13.0.1 Build 232 06/12/2013 SP 1 SJ Web Edition ;
; Revision Name                      ; dppsn_match_action_table                        ;
; Top-level Entity Name              ; dppsn_match_action_table                        ;
; Family                             ; Cyclone II                                      ;
; Device                             ; EP2C70F896C6                                    ;
; Timing Models                      ; Final                                           ;
; Total logic elements               ; 11,655 / 68,416 ( 17 % )                        ;
;     Total combinational functions  ; 11,364 / 68,416 ( 17 % )                        ;
;     Dedicated logic registers      ; 5,226 / 68,416 ( 8 % )                          ;
; Total registers                    ; 5226                                            ;
; Total pins                         ; 485 / 622 ( 78 % )                              ;
; Total virtual pins                 ; 0                                               ;
; Total memory bits                  ; 0 / 1,152,000 ( 0 % )                           ;
; Embedded Multiplier 9-bit elements ; 0 / 300 ( 0 % )                                 ;
; Total PLLs                         ; 0 / 4 ( 0 % )                                   ;
+------------------------------------+-------------------------------------------------+


+----------------------------------------------+
; Flow Settings                                ;
+-------------------+--------------------------+
; Option            ; Setting                  ;
+-------------------+--------------------------+
; Start date & time ; 01/14/2020 13:56:02      ;
; Main task         ; Compilation              ;
; Revision Name     ; dppsn_match_action_table ;
+-------------------+--------------------------+


+----------------------------------------------------------------------------------------------------------------------+
; Flow Non-Default Global Settings                                                                                     ;
+-------------------------------------+---------------------------------+---------------+-------------+----------------+
; Assignment Name                     ; Value                           ; Default Value ; Entity Name ; Section Id     ;
+-------------------------------------+---------------------------------+---------------+-------------+----------------+
; COMPILER_SIGNATURE_ID               ; 238170563215991.157900656214748 ; --            ; --          ; --             ;
; EDA_OUTPUT_DATA_FORMAT              ; Vhdl                            ; --            ; --          ; eda_simulation ;
; EDA_SIMULATION_TOOL                 ; ModelSim-Altera (VHDL)          ; <None>        ; --          ; --             ;
; MAX_CORE_JUNCTION_TEMP              ; 85                              ; --            ; --          ; --             ;
; MIN_CORE_JUNCTION_TEMP              ; 0                               ; --            ; --          ; --             ;
; PARTITION_COLOR                     ; 16764057                        ; --            ; --          ; Top            ;
; PARTITION_FITTER_PRESERVATION_LEVEL ; PLACEMENT_AND_ROUTING           ; --            ; --          ; Top            ;
; PARTITION_NETLIST_TYPE              ; SOURCE                          ; --            ; --          ; Top            ;
; PROJECT_OUTPUT_DIRECTORY            ; output_files                    ; --            ; --          ; --             ;
+-------------------------------------+---------------------------------+---------------+-------------+----------------+


+-------------------------------------------------------------------------------------------------------------------------------+
; Flow Elapsed Time                                                                                                             ;
+---------------------------+--------------+-------------------------+---------------------+------------------------------------+
; Module Name               ; Elapsed Time ; Average Processors Used ; Peak Virtual Memory ; Total CPU Time (on all processors) ;
+---------------------------+--------------+-------------------------+---------------------+------------------------------------+
; Analysis & Synthesis      ; 00:15:15     ; 1.0                     ; 4740 MB             ; 00:15:08                           ;
; Fitter                    ; 00:02:06     ; 1.0                     ; 5020 MB             ; 00:02:04                           ;
; Assembler                 ; 00:00:06     ; 1.0                     ; 4614 MB             ; 00:00:05                           ;
; TimeQuest Timing Analyzer ; 00:00:06     ; 1.0                     ; 4692 MB             ; 00:00:06                           ;
; EDA Netlist Writer        ; 00:00:09     ; 1.0                     ; 4642 MB             ; 00:00:09                           ;
; Total                     ; 00:17:42     ; --                      ; --                  ; 00:17:32                           ;
+---------------------------+--------------+-------------------------+---------------------+------------------------------------+


+------------------------------------------------------------------------------------------+
; Flow OS Summary                                                                          ;
+---------------------------+--------------------+-----------+------------+----------------+
; Module Name               ; Machine Hostname   ; OS Name   ; OS Version ; Processor type ;
+---------------------------+--------------------+-----------+------------+----------------+
; Analysis & Synthesis      ; HP-EliteBook-8570p ; Windows 7 ; 6.2        ; x86_64         ;
; Fitter                    ; HP-EliteBook-8570p ; Windows 7 ; 6.2        ; x86_64         ;
; Assembler                 ; HP-EliteBook-8570p ; Windows 7 ; 6.2        ; x86_64         ;
; TimeQuest Timing Analyzer ; HP-EliteBook-8570p ; Windows 7 ; 6.2        ; x86_64         ;
; EDA Netlist Writer        ; HP-EliteBook-8570p ; Windows 7 ; 6.2        ; x86_64         ;
+---------------------------+--------------------+-----------+------------+----------------+


------------
; Flow Log ;
------------
quartus_map --read_settings_files=on --write_settings_files=off dppsn_match_action_table -c dppsn_match_action_table
quartus_fit --read_settings_files=off --write_settings_files=off dppsn_match_action_table -c dppsn_match_action_table
quartus_asm --read_settings_files=off --write_settings_files=off dppsn_match_action_table -c dppsn_match_action_table
quartus_sta dppsn_match_action_table -c dppsn_match_action_table
quartus_eda --read_settings_files=off --write_settings_files=off dppsn_match_action_table -c dppsn_match_action_table



